2026-06-18 14:33:09.190 WARNING (SyncWorker_0) [homeassistant.loader] We found a custom integration virtual_hub which has not been tested by Home Assistant. This component might cause stability problems, be sure to disable it if you experience issues with Home Assistant
2026-06-18 14:33:33.474 ERROR (MainThread) [metno] Access to https://aa015h6buqvih86i1.api.met.no/weatherapi/locationforecast/2.0/complete returned error 'ClientConnectorDNSError'
2026-06-18 14:33:58.149 ERROR (MainThread) [homeassistant.components.homeassistant_alerts.coordinator] Error requesting homeassistant_alerts data: Cannot connect to host alerts.home-assistant.io:443 ssl:default [Timeout while contacting DNS servers]
2026-06-18 14:34:00.259 ERROR (MainThread) [metno] Access to https://aa015h6buqvih86i1.api.met.no/weatherapi/locationforecast/2.0/complete returned error 'ClientConnectorDNSError'
2026-06-18 14:34:32.646 ERROR (MainThread) [metno] Access to https://aa015h6buqvih86i1.api.met.no/weatherapi/locationforecast/2.0/complete returned error 'ClientConnectorDNSError'
2026-06-18 14:35:20.172 ERROR (MainThread) [metno] Access to https://aa015h6buqvih86i1.api.met.no/weatherapi/locationforecast/2.0/complete returned error 'ClientConnectorDNSError'
2026-06-18 14:36:24.987 ERROR (MainThread) [metno] Access to https://aa015h6buqvih86i1.api.met.no/weatherapi/locationforecast/2.0/complete returned error 'ClientConnectorDNSError'
2026-06-18 14:38:08.130 ERROR (MainThread) [metno] Access to https://aa015h6buqvih86i1.api.met.no/weatherapi/locationforecast/2.0/complete returned error 'ClientConnectorDNSError'
2026-06-18 14:41:14.118 ERROR (MainThread) [metno] Access to https://aa015h6buqvih86i1.api.met.no/weatherapi/locationforecast/2.0/complete returned error 'ClientConnectorDNSError'
2026-06-18 14:44:05.490 ERROR (MainThread) [homeassistant] Error doing job: OSError exception in shielded future (task: None)
Traceback (most recent call last):
  File "/usr/local/lib/python3.14/site-packages/aiohttp/resolver.py", line 117, in resolve
    resp = await self._resolver.getaddrinfo(
           ^^^^^^^^^^^^^^^^^^^^^^^^^^^^^^^^^
    ...<5 lines>...
    )
    ^
aiodns.error.DNSError: (12, 'Timeout while contacting DNS servers')

The above exception was the direct cause of the following exception:

Traceback (most recent call last):
  File "/usr/local/lib/python3.14/site-packages/aiohttp/connector.py", line 1574, in _create_direct_connection
    hosts = await self._resolve_host(host, port, traces=traces)
            ^^^^^^^^^^^^^^^^^^^^^^^^^^^^^^^^^^^^^^^^^^^^^^^^^^^
  File "/usr/local/lib/python3.14/site-packages/aiohttp/connector.py", line 1165, in _resolve_host
    await future
  File "/usr/local/lib/python3.14/site-packages/aiohttp/connector.py", line 1221, in _resolve_host_with_throttle
    addrs = await self._resolver.resolve(host, port, family=self._family)
            ^^^^^^^^^^^^^^^^^^^^^^^^^^^^^^^^^^^^^^^^^^^^^^^^^^^^^^^^^^^^^
  File "/usr/local/lib/python3.14/site-packages/aiohttp_asyncmdnsresolver/_impl.py", line 171, in resolve
    return await super().resolve(host, port, family)
           ^^^^^^^^^^^^^^^^^^^^^^^^^^^^^^^^^^^^^^^^^
  File "/usr/local/lib/python3.14/site-packages/aiohttp/resolver.py", line 126, in resolve
    raise OSError(None, msg) from exc
OSError: [Errno None] Timeout while contacting DNS servers
2026-06-18 14:44:29.688 ERROR (MainThread) [homeassistant] Error doing job: OSError exception in shielded future (task: None)
Traceback (most recent call last):
  File "/usr/local/lib/python3.14/site-packages/aiohttp/resolver.py", line 117, in resolve
    resp = await self._resolver.getaddrinfo(
           ^^^^^^^^^^^^^^^^^^^^^^^^^^^^^^^^^
    ...<5 lines>...
    )
    ^
aiodns.error.DNSError: (12, 'Timeout while contacting DNS servers')

The above exception was the direct cause of the following exception:

Traceback (most recent call last):
  File "/usr/local/lib/python3.14/site-packages/aiohttp/connector.py", line 1221, in _resolve_host_with_throttle
    addrs = await self._resolver.resolve(host, port, family=self._family)
            ^^^^^^^^^^^^^^^^^^^^^^^^^^^^^^^^^^^^^^^^^^^^^^^^^^^^^^^^^^^^^
  File "/usr/local/lib/python3.14/site-packages/aiohttp_asyncmdnsresolver/_impl.py", line 171, in resolve
    return await super().resolve(host, port, family)
           ^^^^^^^^^^^^^^^^^^^^^^^^^^^^^^^^^^^^^^^^^
  File "/usr/local/lib/python3.14/site-packages/aiohttp/resolver.py", line 126, in resolve
    raise OSError(None, msg) from exc
OSError: [Errno None] Timeout while contacting DNS servers
2026-06-18 14:46:55.222 ERROR (MainThread) [metno] Access to https://aa015h6buqvih86i1.api.met.no/weatherapi/locationforecast/2.0/complete returned error 'ClientConnectorDNSError'
2026-06-18 14:48:59.822 ERROR (MainThread) [homeassistant.components.analytics] Error sending analytics to https://analytics-api.home-assistant.io/v1: ClientConnectorDNSError(ConnectionKey(host='analytics-api.home-assistant.io', port=443, is_ssl=True, ssl=True, proxy=None, proxy_auth=None, proxy_headers_hash=None), OSError(None, 'Timeout while contacting DNS servers'))
2026-06-18 15:07:26.152 ERROR (MainThread) [metno] Access to https://aa015h6buqvih86i1.api.met.no/weatherapi/locationforecast/2.0/complete returned error 'ClientConnectorDNSError'
2026-06-18 15:07:30.055 ERROR (MainThread) [homeassistant] Error doing job: OSError exception in shielded future (task: None)
Traceback (most recent call last):
  File "/usr/local/lib/python3.14/site-packages/aiohttp/resolver.py", line 117, in resolve
    resp = await self._resolver.getaddrinfo(
           ^^^^^^^^^^^^^^^^^^^^^^^^^^^^^^^^^
    ...<5 lines>...
    )
    ^
aiodns.error.DNSError: (12, 'Timeout while contacting DNS servers')

The above exception was the direct cause of the following exception:

Traceback (most recent call last):
  File "/usr/local/lib/python3.14/site-packages/aiohttp/connector.py", line 1574, in _create_direct_connection
    hosts = await self._resolve_host(host, port, traces=traces)
            ^^^^^^^^^^^^^^^^^^^^^^^^^^^^^^^^^^^^^^^^^^^^^^^^^^^
  File "/usr/local/lib/python3.14/site-packages/aiohttp/connector.py", line 1165, in _resolve_host
    await future
  File "/usr/local/lib/python3.14/site-packages/aiohttp/connector.py", line 1221, in _resolve_host_with_throttle
    addrs = await self._resolver.resolve(host, port, family=self._family)
            ^^^^^^^^^^^^^^^^^^^^^^^^^^^^^^^^^^^^^^^^^^^^^^^^^^^^^^^^^^^^^
  File "/usr/local/lib/python3.14/site-packages/aiohttp_asyncmdnsresolver/_impl.py", line 171, in resolve
    return await super().resolve(host, port, family)
           ^^^^^^^^^^^^^^^^^^^^^^^^^^^^^^^^^^^^^^^^^
  File "/usr/local/lib/python3.14/site-packages/aiohttp/resolver.py", line 126, in resolve
    raise OSError(None, msg) from exc
OSError: [Errno None] Timeout while contacting DNS servers
2026-06-18 15:07:50.867 ERROR (MainThread) [homeassistant] Error doing job: OSError exception in shielded future (task: None)
Traceback (most recent call last):
  File "/usr/local/lib/python3.14/site-packages/aiohttp/resolver.py", line 117, in resolve
    resp = await self._resolver.getaddrinfo(
           ^^^^^^^^^^^^^^^^^^^^^^^^^^^^^^^^^
    ...<5 lines>...
    )
    ^
aiodns.error.DNSError: (12, 'Timeout while contacting DNS servers')

The above exception was the direct cause of the following exception:

Traceback (most recent call last):
  File "/usr/local/lib/python3.14/site-packages/aiohttp/connector.py", line 1574, in _create_direct_connection
    hosts = await self._resolve_host(host, port, traces=traces)
            ^^^^^^^^^^^^^^^^^^^^^^^^^^^^^^^^^^^^^^^^^^^^^^^^^^^
  File "/usr/local/lib/python3.14/site-packages/aiohttp/connector.py", line 1165, in _resolve_host
    await future
  File "/usr/local/lib/python3.14/site-packages/aiohttp/connector.py", line 1221, in _resolve_host_with_throttle
    addrs = await self._resolver.resolve(host, port, family=self._family)
            ^^^^^^^^^^^^^^^^^^^^^^^^^^^^^^^^^^^^^^^^^^^^^^^^^^^^^^^^^^^^^
  File "/usr/local/lib/python3.14/site-packages/aiohttp_asyncmdnsresolver/_impl.py", line 171, in resolve
    return await super().resolve(host, port, family)
           ^^^^^^^^^^^^^^^^^^^^^^^^^^^^^^^^^^^^^^^^^
  File "/usr/local/lib/python3.14/site-packages/aiohttp/resolver.py", line 126, in resolve
    raise OSError(None, msg) from exc
OSError: [Errno None] Timeout while contacting DNS servers
2026-06-18 15:08:13.687 ERROR (MainThread) [homeassistant] Error doing job: OSError exception in shielded future (task: None)
Traceback (most recent call last):
  File "/usr/local/lib/python3.14/site-packages/aiohttp/resolver.py", line 117, in resolve
    resp = await self._resolver.getaddrinfo(
           ^^^^^^^^^^^^^^^^^^^^^^^^^^^^^^^^^
    ...<5 lines>...
    )
    ^
aiodns.error.DNSError: (12, 'Timeout while contacting DNS servers')

The above exception was the direct cause of the following exception:

Traceback (most recent call last):
  File "/usr/local/lib/python3.14/site-packages/aiohttp/connector.py", line 1574, in _create_direct_connection
    hosts = await self._resolve_host(host, port, traces=traces)
            ^^^^^^^^^^^^^^^^^^^^^^^^^^^^^^^^^^^^^^^^^^^^^^^^^^^
  File "/usr/local/lib/python3.14/site-packages/aiohttp/connector.py", line 1165, in _resolve_host
    await future
  File "/usr/local/lib/python3.14/site-packages/aiohttp/connector.py", line 1221, in _resolve_host_with_throttle
    addrs = await self._resolver.resolve(host, port, family=self._family)
            ^^^^^^^^^^^^^^^^^^^^^^^^^^^^^^^^^^^^^^^^^^^^^^^^^^^^^^^^^^^^^
  File "/usr/local/lib/python3.14/site-packages/aiohttp_asyncmdnsresolver/_impl.py", line 171, in resolve
    return await super().resolve(host, port, family)
           ^^^^^^^^^^^^^^^^^^^^^^^^^^^^^^^^^^^^^^^^^
  File "/usr/local/lib/python3.14/site-packages/aiohttp/resolver.py", line 126, in resolve
    raise OSError(None, msg) from exc
OSError: [Errno None] Timeout while contacting DNS servers
2026-06-18 15:08:35.633 ERROR (MainThread) [homeassistant] Error doing job: OSError exception in shielded future (task: None)
Traceback (most recent call last):
  File "/usr/local/lib/python3.14/site-packages/aiohttp/resolver.py", line 117, in resolve
    resp = await self._resolver.getaddrinfo(
           ^^^^^^^^^^^^^^^^^^^^^^^^^^^^^^^^^
    ...<5 lines>...
    )
    ^
aiodns.error.DNSError: (12, 'Timeout while contacting DNS servers')

The above exception was the direct cause of the following exception:

Traceback (most recent call last):
  File "/usr/local/lib/python3.14/site-packages/aiohttp/connector.py", line 1574, in _create_direct_connection
    hosts = await self._resolve_host(host, port, traces=traces)
            ^^^^^^^^^^^^^^^^^^^^^^^^^^^^^^^^^^^^^^^^^^^^^^^^^^^
  File "/usr/local/lib/python3.14/site-packages/aiohttp/connector.py", line 1165, in _resolve_host
    await future
  File "/usr/local/lib/python3.14/site-packages/aiohttp/connector.py", line 1221, in _resolve_host_with_throttle
    addrs = await self._resolver.resolve(host, port, family=self._family)
            ^^^^^^^^^^^^^^^^^^^^^^^^^^^^^^^^^^^^^^^^^^^^^^^^^^^^^^^^^^^^^
  File "/usr/local/lib/python3.14/site-packages/aiohttp_asyncmdnsresolver/_impl.py", line 171, in resolve
    return await super().resolve(host, port, family)
           ^^^^^^^^^^^^^^^^^^^^^^^^^^^^^^^^^^^^^^^^^
  File "/usr/local/lib/python3.14/site-packages/aiohttp/resolver.py", line 126, in resolve
    raise OSError(None, msg) from exc
OSError: [Errno None] Timeout while contacting DNS servers
2026-06-18 15:08:59.940 ERROR (MainThread) [homeassistant] Error doing job: OSError exception in shielded future (task: None)
Traceback (most recent call last):
  File "/usr/local/lib/python3.14/site-packages/aiohttp/resolver.py", line 117, in resolve
    resp = await self._resolver.getaddrinfo(
           ^^^^^^^^^^^^^^^^^^^^^^^^^^^^^^^^^
    ...<5 lines>...
    )
    ^
aiodns.error.DNSError: (12, 'Timeout while contacting DNS servers')

The above exception was the direct cause of the following exception:

Traceback (most recent call last):
  File "/usr/local/lib/python3.14/site-packages/aiohttp/connector.py", line 1574, in _create_direct_connection
    hosts = await self._resolve_host(host, port, traces=traces)
            ^^^^^^^^^^^^^^^^^^^^^^^^^^^^^^^^^^^^^^^^^^^^^^^^^^^
  File "/usr/local/lib/python3.14/site-packages/aiohttp/connector.py", line 1165, in _resolve_host
    await future
  File "/usr/local/lib/python3.14/site-packages/aiohttp/connector.py", line 1221, in _resolve_host_with_throttle
    addrs = await self._resolver.resolve(host, port, family=self._family)
            ^^^^^^^^^^^^^^^^^^^^^^^^^^^^^^^^^^^^^^^^^^^^^^^^^^^^^^^^^^^^^
  File "/usr/local/lib/python3.14/site-packages/aiohttp_asyncmdnsresolver/_impl.py", line 171, in resolve
    return await super().resolve(host, port, family)
           ^^^^^^^^^^^^^^^^^^^^^^^^^^^^^^^^^^^^^^^^^
  File "/usr/local/lib/python3.14/site-packages/aiohttp/resolver.py", line 126, in resolve
    raise OSError(None, msg) from exc
OSError: [Errno None] Timeout while contacting DNS servers
2026-06-18 15:09:22.912 ERROR (MainThread) [homeassistant] Error doing job: OSError exception in shielded future (task: None)
Traceback (most recent call last):
  File "/usr/local/lib/python3.14/site-packages/aiohttp/resolver.py", line 117, in resolve
    resp = await self._resolver.getaddrinfo(
           ^^^^^^^^^^^^^^^^^^^^^^^^^^^^^^^^^
    ...<5 lines>...
    )
    ^
aiodns.error.DNSError: (12, 'Timeout while contacting DNS servers')

The above exception was the direct cause of the following exception:

Traceback (most recent call last):
  File "/usr/local/lib/python3.14/site-packages/aiohttp/connector.py", line 1574, in _create_direct_connection
    hosts = await self._resolve_host(host, port, traces=traces)
            ^^^^^^^^^^^^^^^^^^^^^^^^^^^^^^^^^^^^^^^^^^^^^^^^^^^
  File "/usr/local/lib/python3.14/site-packages/aiohttp/connector.py", line 1165, in _resolve_host
    await future
  File "/usr/local/lib/python3.14/site-packages/aiohttp/connector.py", line 1221, in _resolve_host_with_throttle
    addrs = await self._resolver.resolve(host, port, family=self._family)
            ^^^^^^^^^^^^^^^^^^^^^^^^^^^^^^^^^^^^^^^^^^^^^^^^^^^^^^^^^^^^^
  File "/usr/local/lib/python3.14/site-packages/aiohttp_asyncmdnsresolver/_impl.py", line 171, in resolve
    return await super().resolve(host, port, family)
           ^^^^^^^^^^^^^^^^^^^^^^^^^^^^^^^^^^^^^^^^^
  File "/usr/local/lib/python3.14/site-packages/aiohttp/resolver.py", line 126, in resolve
    raise OSError(None, msg) from exc
OSError: [Errno None] Timeout while contacting DNS servers
2026-06-18 15:09:42.840 ERROR (MainThread) [homeassistant] Error doing job: OSError exception in shielded future (task: None)
Traceback (most recent call last):
  File "/usr/local/lib/python3.14/site-packages/aiohttp/resolver.py", line 117, in resolve
    resp = await self._resolver.getaddrinfo(
           ^^^^^^^^^^^^^^^^^^^^^^^^^^^^^^^^^
    ...<5 lines>...
    )
    ^
aiodns.error.DNSError: (12, 'Timeout while contacting DNS servers')

The above exception was the direct cause of the following exception:

Traceback (most recent call last):
  File "/usr/local/lib/python3.14/site-packages/aiohttp/connector.py", line 1574, in _create_direct_connection
    hosts = await self._resolve_host(host, port, traces=traces)
            ^^^^^^^^^^^^^^^^^^^^^^^^^^^^^^^^^^^^^^^^^^^^^^^^^^^
  File "/usr/local/lib/python3.14/site-packages/aiohttp/connector.py", line 1165, in _resolve_host
    await future
  File "/usr/local/lib/python3.14/site-packages/aiohttp/connector.py", line 1221, in _resolve_host_with_throttle
    addrs = await self._resolver.resolve(host, port, family=self._family)
            ^^^^^^^^^^^^^^^^^^^^^^^^^^^^^^^^^^^^^^^^^^^^^^^^^^^^^^^^^^^^^
  File "/usr/local/lib/python3.14/site-packages/aiohttp_asyncmdnsresolver/_impl.py", line 171, in resolve
    return await super().resolve(host, port, family)
           ^^^^^^^^^^^^^^^^^^^^^^^^^^^^^^^^^^^^^^^^^
  File "/usr/local/lib/python3.14/site-packages/aiohttp/resolver.py", line 126, in resolve
    raise OSError(None, msg) from exc
OSError: [Errno None] Timeout while contacting DNS servers
2026-06-18 15:10:07.846 ERROR (MainThread) [homeassistant] Error doing job: OSError exception in shielded future (task: None)
Traceback (most recent call last):
  File "/usr/local/lib/python3.14/site-packages/aiohttp/resolver.py", line 117, in resolve
    resp = await self._resolver.getaddrinfo(
           ^^^^^^^^^^^^^^^^^^^^^^^^^^^^^^^^^
    ...<5 lines>...
    )
    ^
aiodns.error.DNSError: (12, 'Timeout while contacting DNS servers')

The above exception was the direct cause of the following exception:

Traceback (most recent call last):
  File "/usr/local/lib/python3.14/site-packages/aiohttp/connector.py", line 1574, in _create_direct_connection
    hosts = await self._resolve_host(host, port, traces=traces)
            ^^^^^^^^^^^^^^^^^^^^^^^^^^^^^^^^^^^^^^^^^^^^^^^^^^^
  File "/usr/local/lib/python3.14/site-packages/aiohttp/connector.py", line 1165, in _resolve_host
    await future
  File "/usr/local/lib/python3.14/site-packages/aiohttp/connector.py", line 1221, in _resolve_host_with_throttle
    addrs = await self._resolver.resolve(host, port, family=self._family)
            ^^^^^^^^^^^^^^^^^^^^^^^^^^^^^^^^^^^^^^^^^^^^^^^^^^^^^^^^^^^^^
  File "/usr/local/lib/python3.14/site-packages/aiohttp_asyncmdnsresolver/_impl.py", line 171, in resolve
    return await super().resolve(host, port, family)
           ^^^^^^^^^^^^^^^^^^^^^^^^^^^^^^^^^^^^^^^^^
  File "/usr/local/lib/python3.14/site-packages/aiohttp/resolver.py", line 126, in resolve
    raise OSError(None, msg) from exc
OSError: [Errno None] Timeout while contacting DNS servers
2026-06-18 15:17:50.161 ERROR (MainThread) [metno] Access to https://aa015h6buqvih86i1.api.met.no/weatherapi/locationforecast/2.0/complete returned error 'ClientConnectorDNSError'
2026-06-18 15:28:11.284 ERROR (MainThread) [metno] Access to https://aa015h6buqvih86i1.api.met.no/weatherapi/locationforecast/2.0/complete returned error 'ClientConnectorDNSError'
2026-06-18 15:38:32.712 ERROR (MainThread) [metno] Access to https://aa015h6buqvih86i1.api.met.no/weatherapi/locationforecast/2.0/complete returned error 'ClientConnectorDNSError'
